Attempting to create quiz with data...
Error detected:
PrismaClientKnownRequestError: 
Invalid `prisma.quiz.create()` invocation in
D:\Kerjaan\Diamond KMS 2\diamond-kms\tmp_test_prisma.js:38:38

  35 };
  36 
  37 console.log("Attempting to create quiz with data...");
→ 38 const result = await prisma.quiz.create(
Can't reach database server at v
    at zr.handleRequestError (D:\Kerjaan\Diamond KMS 2\diamond-kms\node_modules\@prisma\client\runtime\client.js:65:8286)
    at zr.handleAndLogRequestError (D:\Kerjaan\Diamond KMS 2\diamond-kms\node_modules\@prisma\client\runtime\client.js:65:7581)
    at zr.request (D:\Kerjaan\Diamond KMS 2\diamond-kms\node_modules\@prisma\client\runtime\client.js:65:7288)
    at process.processTicksAndRejections (node:internal/process/task_queues:105:5)
    at async a (D:\Kerjaan\Diamond KMS 2\diamond-kms\node_modules\@prisma\client\runtime\client.js:75:5816)
    at async main (D:\Kerjaan\Diamond KMS 2\diamond-kms\tmp_test_prisma.js:38:20) {
  code: 'P1001',
  meta: {
    modelName: 'Quiz',
    driverAdapterError: DriverAdapterError: DatabaseNotReachable
        at PrismaPgAdapter.onError (D:\Kerjaan\Diamond KMS 2\diamond-kms\node_modules\@prisma\adapter-pg\dist\index.js:687:11)
        at D:\Kerjaan\Diamond KMS 2\diamond-kms\node_modules\@prisma\adapter-pg\dist\index.js:720:68
        at process.processTicksAndRejections (node:internal/process/task_queues:105:5)
        at async PrismaPgAdapter.startTransaction (D:\Kerjaan\Diamond KMS 2\diamond-kms\node_modules\@prisma\adapter-pg\dist\index.js:720:18)
        at async #r (D:\Kerjaan\Diamond KMS 2\diamond-kms\node_modules\@prisma\client\runtime\client.js:11:52079)
        at async $t.startInternalTransaction (D:\Kerjaan\Diamond KMS 2\diamond-kms\node_modules\@prisma\client\runtime\client.js:11:51565)
        at async e.interpretNode (D:\Kerjaan\Diamond KMS 2\diamond-kms\node_modules\@prisma\client\runtime\client.js:11:45763)
        at async e.run (D:\Kerjaan\Diamond KMS 2\diamond-kms\node_modules\@prisma\client\runtime\client.js:11:43121)
        at async e.execute (D:\Kerjaan\Diamond KMS 2\diamond-kms\node_modules\@prisma\client\runtime\client.js:57:815)
        at async qt.request (D:\Kerjaan\Diamond KMS 2\diamond-kms\node_modules\@prisma\client\runtime\client.js:58:2327) {
      cause: [Object]
    }
  },
  clientVersion: '7.5.0'
}
